#! /usr/bin/vvp
:ivl_version "12.0 (stable)";
:ivl_delay_selection "TYPICAL";
:vpi_time_precision + 0;
:vpi_module "/usr/lib64/ivl/system.vpi";
:vpi_module "/usr/lib64/ivl/vhdl_sys.vpi";
:vpi_module "/usr/lib64/ivl/vhdl_textio.vpi";
:vpi_module "/usr/lib64/ivl/v2005_math.vpi";
:vpi_module "/usr/lib64/ivl/va_math.vpi";
S_0x55f5e201f510 .scope module, "alu" "alu" 2 1;
 .timescale 0 0;
    .port_info 0 /INPUT 1 "clock";
    .port_info 1 /INPUT 1 "reset";
    .port_info 2 /INPUT 4 "aluControl";
    .port_info 3 /INPUT 32 "readData1";
    .port_info 4 /INPUT 32 "readData2";
    .port_info 5 /OUTPUT 32 "aluResult";
    .port_info 6 /OUTPUT 1 "zero";
L_0x55f5e206e0b0 .functor BUFZ 32, v0x55f5e206d920_0, C4<00000000000000000000000000000000>, C4<00000000000000000000000000000000>, C4<00000000000000000000000000000000>;
L_0x55f5e206e140 .functor BUFZ 1, v0x55f5e206df10_0, C4<0>, C4<0>, C4<0>;
o0x7f0524b80018 .functor BUFZ 4, C4<zzzz>; HiZ drive
v0x55f5e2020f60_0 .net "aluControl", 3 0, o0x7f0524b80018;  0 drivers
v0x55f5e206d840_0 .net "aluResult", 31 0, L_0x55f5e206e0b0;  1 drivers
v0x55f5e206d920_0 .var "aluResult_reg", 31 0;
o0x7f0524b800a8 .functor BUFZ 1, C4<z>; HiZ drive
v0x55f5e206d9e0_0 .net "clock", 0 0, o0x7f0524b800a8;  0 drivers
v0x55f5e206daa0_0 .var "cont", 3 0;
o0x7f0524b80108 .functor BUFZ 32, C4<zzzzzzzzzzzzzzzzzzzzzzzzzzzzzzzz>; HiZ drive
v0x55f5e206dbd0_0 .net "readData1", 31 0, o0x7f0524b80108;  0 drivers
o0x7f0524b80138 .functor BUFZ 32, C4<zzzzzzzzzzzzzzzzzzzzzzzzzzzzzzzz>; HiZ drive
v0x55f5e206dcb0_0 .net "readData2", 31 0, o0x7f0524b80138;  0 drivers
o0x7f0524b80168 .functor BUFZ 1, C4<z>; HiZ drive
v0x55f5e206dd90_0 .net "reset", 0 0, o0x7f0524b80168;  0 drivers
v0x55f5e206de50_0 .net "zero", 0 0, L_0x55f5e206e140;  1 drivers
v0x55f5e206df10_0 .var "zero_reg", 0 0;
E_0x55f5e20595c0 .event posedge, v0x55f5e206d9e0_0;
    .scope S_0x55f5e201f510;
T_0 ;
    %wait E_0x55f5e20595c0;
    %load/vec4 v0x55f5e206daa0_0;
    %pad/u 32;
    %addi 1, 0, 32;
    %pushi/vec4 10, 0, 32;
    %mod;
    %pad/u 4;
    %store/vec4 v0x55f5e206daa0_0, 0, 4;
    %load/vec4 v0x55f5e206daa0_0;
    %pad/u 32;
    %pushi/vec4 10, 0, 32;
    %mod;
    %cmpi/e 6, 0, 32;
    %jmp/0xz  T_0.0, 4;
    %load/vec4 v0x55f5e2020f60_0;
    %cmpi/e 2, 0, 4;
    %jmp/0xz  T_0.2, 4;
    %load/vec4 v0x55f5e206dbd0_0;
    %load/vec4 v0x55f5e206dcb0_0;
    %add;
    %assign/vec4 v0x55f5e206d920_0, 0;
    %pushi/vec4 0, 0, 1;
    %assign/vec4 v0x55f5e206df10_0, 0;
T_0.2 ;
    %load/vec4 v0x55f5e2020f60_0;
    %cmpi/e 0, 0, 4;
    %jmp/0xz  T_0.4, 4;
    %load/vec4 v0x55f5e206dbd0_0;
    %load/vec4 v0x55f5e206dcb0_0;
    %and;
    %assign/vec4 v0x55f5e206d920_0, 0;
    %pushi/vec4 0, 0, 1;
    %assign/vec4 v0x55f5e206df10_0, 0;
T_0.4 ;
    %load/vec4 v0x55f5e2020f60_0;
    %cmpi/e 1, 0, 4;
    %jmp/0xz  T_0.6, 4;
    %load/vec4 v0x55f5e206dbd0_0;
    %load/vec4 v0x55f5e206dcb0_0;
    %or;
    %assign/vec4 v0x55f5e206d920_0, 0;
    %pushi/vec4 0, 0, 1;
    %assign/vec4 v0x55f5e206df10_0, 0;
T_0.6 ;
    %load/vec4 v0x55f5e2020f60_0;
    %cmpi/e 6, 0, 4;
    %jmp/0xz  T_0.8, 4;
    %load/vec4 v0x55f5e206dbd0_0;
    %ix/getv 4, v0x55f5e206dcb0_0;
    %shiftl 4;
    %assign/vec4 v0x55f5e206d920_0, 0;
    %pushi/vec4 0, 0, 1;
    %assign/vec4 v0x55f5e206df10_0, 0;
T_0.8 ;
    %load/vec4 v0x55f5e2020f60_0;
    %cmpi/e 8, 0, 4;
    %jmp/0xz  T_0.10, 4;
    %load/vec4 v0x55f5e206dbd0_0;
    %load/vec4 v0x55f5e206dcb0_0;
    %sub;
    %assign/vec4 v0x55f5e206d920_0, 0;
    %pushi/vec4 1, 0, 1;
    %assign/vec4 v0x55f5e206df10_0, 0;
T_0.10 ;
T_0.0 ;
    %jmp T_0;
    .thread T_0;
# The file index is used to find the file name in the following table.
:file_names 3;
    "N/A";
    "<interactive>";
    "alu.v";
