#! /usr/bin/vvp
:ivl_version "12.0 (stable)";
:ivl_delay_selection "TYPICAL";
:vpi_time_precision + 0;
:vpi_module "/usr/lib64/ivl/system.vpi";
:vpi_module "/usr/lib64/ivl/vhdl_sys.vpi";
:vpi_module "/usr/lib64/ivl/vhdl_textio.vpi";
:vpi_module "/usr/lib64/ivl/v2005_math.vpi";
:vpi_module "/usr/lib64/ivl/va_math.vpi";
S_0x55dcf8e78510 .scope module, "regs" "regs" 2 1;
 .timescale 0 0;
    .port_info 0 /INPUT 1 "clock";
    .port_info 1 /INPUT 1 "reset";
    .port_info 2 /INPUT 1 "regWrite";
    .port_info 3 /INPUT 5 "readReg1";
    .port_info 4 /INPUT 5 "readReg2";
    .port_info 5 /INPUT 5 "writeReg";
    .port_info 6 /INPUT 32 "writeData";
    .port_info 7 /OUTPUT 32 "readData1";
    .port_info 8 /OUTPUT 32 "readData2";
L_0x7fb4538b1018 .functor BUFT 1, C4<000000000000000000000000000>, C4<0>, C4<0>, C4<0>;
v0x55dcf8e787a0_0 .net *"_ivl_3", 26 0, L_0x7fb4538b1018;  1 drivers
L_0x7fb4538b1060 .functor BUFT 1, C4<000000000000000000000000000>, C4<0>, C4<0>, C4<0>;
v0x55dcf8ec9660_0 .net *"_ivl_7", 26 0, L_0x7fb4538b1060;  1 drivers
o0x7fb4538fa078 .functor BUFZ 1, C4<z>; HiZ drive
v0x55dcf8ec9740_0 .net "clock", 0 0, o0x7fb4538fa078;  0 drivers
v0x55dcf8ec97e0_0 .var "cont", 3 0;
v0x55dcf8ec98c0_0 .var/i "i", 31 0;
v0x55dcf8ec99f0_0 .var "r1", 4 0;
v0x55dcf8ec9ad0_0 .var "r2", 4 0;
v0x55dcf8ec9bb0_0 .var "rd", 4 0;
v0x55dcf8ec9c90_0 .net "readData1", 31 0, L_0x55dcf8eca640;  1 drivers
v0x55dcf8ec9d70_0 .net "readData2", 31 0, L_0x55dcf8eda770;  1 drivers
o0x7fb4538fa1f8 .functor BUFZ 5, C4<zzzzz>; HiZ drive
v0x55dcf8ec9e50_0 .net "readReg1", 4 0, o0x7fb4538fa1f8;  0 drivers
o0x7fb4538fa228 .functor BUFZ 5, C4<zzzzz>; HiZ drive
v0x55dcf8ec9f30_0 .net "readReg2", 4 0, o0x7fb4538fa228;  0 drivers
o0x7fb4538fa258 .functor BUFZ 1, C4<z>; HiZ drive
v0x55dcf8eca010_0 .net "regWrite", 0 0, o0x7fb4538fa258;  0 drivers
v0x55dcf8eca0d0 .array "regs", 31 0, 31 0;
o0x7fb4538fa288 .functor BUFZ 1, C4<z>; HiZ drive
v0x55dcf8eca190_0 .net "reset", 0 0, o0x7fb4538fa288;  0 drivers
o0x7fb4538fa2b8 .functor BUFZ 32, C4<zzzzzzzzzzzzzzzzzzzzzzzzzzzzzzzz>; HiZ drive
v0x55dcf8eca250_0 .net "writeData", 31 0, o0x7fb4538fa2b8;  0 drivers
o0x7fb4538fa2e8 .functor BUFZ 5, C4<zzzzz>; HiZ drive
v0x55dcf8eca330_0 .net "writeReg", 4 0, o0x7fb4538fa2e8;  0 drivers
E_0x55dcf8e78ad0 .event posedge, v0x55dcf8eca190_0, v0x55dcf8ec9740_0;
L_0x55dcf8eca640 .concat [ 5 27 0 0], v0x55dcf8ec99f0_0, L_0x7fb4538b1018;
L_0x55dcf8eda770 .concat [ 5 27 0 0], v0x55dcf8ec9ad0_0, L_0x7fb4538b1060;
    .scope S_0x55dcf8e78510;
T_0 ;
    %vpi_call 2 22 "$readmemb", "registradores.bin", v0x55dcf8eca0d0 {0 0 0};
    %end;
    .thread T_0;
    .scope S_0x55dcf8e78510;
T_1 ;
    %wait E_0x55dcf8e78ad0;
    %load/vec4 v0x55dcf8ec97e0_0;
    %pad/u 32;
    %addi 1, 0, 32;
    %pushi/vec4 10, 0, 32;
    %mod;
    %pad/u 4;
    %store/vec4 v0x55dcf8ec97e0_0, 0, 4;
    %load/vec4 v0x55dcf8ec97e0_0;
    %pad/u 32;
    %pushi/vec4 10, 0, 32;
    %mod;
    %cmpi/e 3, 0, 32;
    %jmp/0xz  T_1.0, 4;
    %load/vec4 v0x55dcf8eca010_0;
    %pad/u 32;
    %cmpi/e 1, 0, 32;
    %jmp/0xz  T_1.2, 4;
    %load/vec4 v0x55dcf8eca250_0;
    %load/vec4 v0x55dcf8eca330_0;
    %pad/u 7;
    %ix/vec4 3;
    %ix/load 4, 0, 0; Constant delay
    %assign/vec4/a/d v0x55dcf8eca0d0, 0, 4;
T_1.2 ;
T_1.0 ;
    %load/vec4 v0x55dcf8eca330_0;
    %assign/vec4 v0x55dcf8ec9bb0_0, 0;
    %load/vec4 v0x55dcf8ec9e50_0;
    %pad/u 7;
    %ix/vec4 4;
    %load/vec4a v0x55dcf8eca0d0, 4;
    %pad/u 5;
    %assign/vec4 v0x55dcf8ec99f0_0, 0;
    %load/vec4 v0x55dcf8ec9f30_0;
    %pad/u 7;
    %ix/vec4 4;
    %load/vec4a v0x55dcf8eca0d0, 4;
    %pad/u 5;
    %assign/vec4 v0x55dcf8ec9ad0_0, 0;
    %load/vec4 v0x55dcf8eca190_0;
    %flag_set/vec4 8;
    %jmp/0xz  T_1.4, 8;
    %pushi/vec4 0, 0, 4;
    %assign/vec4 v0x55dcf8ec97e0_0, 0;
    %pushi/vec4 0, 0, 5;
    %assign/vec4 v0x55dcf8ec99f0_0, 0;
    %pushi/vec4 0, 0, 5;
    %assign/vec4 v0x55dcf8ec9ad0_0, 0;
    %pushi/vec4 0, 0, 32;
    %store/vec4 v0x55dcf8ec98c0_0, 0, 32;
T_1.6 ;
    %load/vec4 v0x55dcf8ec98c0_0;
    %cmpi/s 32, 0, 32;
    %jmp/0xz T_1.7, 5;
    %load/vec4 v0x55dcf8ec98c0_0;
    %ix/getv/s 4, v0x55dcf8ec98c0_0;
    %store/vec4a v0x55dcf8eca0d0, 4, 0;
    %load/vec4 v0x55dcf8ec98c0_0;
    %addi 1, 0, 32;
    %store/vec4 v0x55dcf8ec98c0_0, 0, 32;
    %jmp T_1.6;
T_1.7 ;
T_1.4 ;
    %pushi/vec4 0, 0, 32;
    %ix/load 3, 0, 0;
    %flag_set/imm 4, 0;
    %ix/load 4, 0, 0; Constant delay
    %assign/vec4/a/d v0x55dcf8eca0d0, 0, 4;
    %jmp T_1;
    .thread T_1;
# The file index is used to find the file name in the following table.
:file_names 3;
    "N/A";
    "<interactive>";
    "regs.v";
