#! /usr/bin/vvp
:ivl_version "12.0 (stable)";
:ivl_delay_selection "TYPICAL";
:vpi_time_precision + 0;
:vpi_module "/usr/lib64/ivl/system.vpi";
:vpi_module "/usr/lib64/ivl/vhdl_sys.vpi";
:vpi_module "/usr/lib64/ivl/vhdl_textio.vpi";
:vpi_module "/usr/lib64/ivl/v2005_math.vpi";
:vpi_module "/usr/lib64/ivl/va_math.vpi";
S_0x56066cbb4530 .scope module, "somadorPC" "somadorPC" 2 1;
 .timescale 0 0;
    .port_info 0 /INPUT 1 "clock";
    .port_info 1 /INPUT 1 "reset";
    .port_info 2 /INPUT 32 "estado_pc";
    .port_info 3 /OUTPUT 32 "endereco_soma";
L_0x56066cbfe740 .functor BUFZ 32, v0x56066cbfe5e0_0, C4<00000000000000000000000000000000>, C4<00000000000000000000000000000000>, C4<00000000000000000000000000000000>;
o0x7f5445e93018 .functor BUFZ 1, C4<z>; HiZ drive
v0x56066cbb4750_0 .net "clock", 0 0, o0x7f5445e93018;  0 drivers
v0x56066cbfe250_0 .var "cont", 3 0;
v0x56066cbfe330_0 .net "endereco_soma", 31 0, L_0x56066cbfe740;  1 drivers
o0x7f5445e930a8 .functor BUFZ 32, C4<zzzzzzzzzzzzzzzzzzzzzzzzzzzzzzzz>; HiZ drive
v0x56066cbfe3f0_0 .net "estado_pc", 31 0, o0x7f5445e930a8;  0 drivers
o0x7f5445e930d8 .functor BUFZ 1, C4<z>; HiZ drive
v0x56066cbfe4d0_0 .net "reset", 0 0, o0x7f5445e930d8;  0 drivers
v0x56066cbfe5e0_0 .var "soma", 31 0;
E_0x56066cbb4ee0 .event posedge, v0x56066cbfe4d0_0, v0x56066cbb4750_0;
    .scope S_0x56066cbb4530;
T_0 ;
    %wait E_0x56066cbb4ee0;
    %load/vec4 v0x56066cbfe250_0;
    %pad/u 32;
    %addi 1, 0, 32;
    %pushi/vec4 10, 0, 32;
    %mod;
    %pad/u 4;
    %store/vec4 v0x56066cbfe250_0, 0, 4;
    %load/vec4 v0x56066cbfe4d0_0;
    %flag_set/vec4 8;
    %jmp/0xz  T_0.0, 8;
    %pushi/vec4 0, 0, 4;
    %assign/vec4 v0x56066cbfe250_0, 0;
    %pushi/vec4 1, 0, 32;
    %assign/vec4 v0x56066cbfe5e0_0, 0;
    %jmp T_0.1;
T_0.0 ;
    %load/vec4 v0x56066cbfe250_0;
    %pad/u 32;
    %pushi/vec4 10, 0, 32;
    %mod;
    %cmpi/e 1, 0, 32;
    %jmp/0xz  T_0.2, 4;
    %load/vec4 v0x56066cbfe3f0_0;
    %addi 1, 0, 32;
    %assign/vec4 v0x56066cbfe5e0_0, 0;
T_0.2 ;
T_0.1 ;
    %jmp T_0;
    .thread T_0;
# The file index is used to find the file name in the following table.
:file_names 3;
    "N/A";
    "<interactive>";
    "somadorPC.v";
